[00:01:39] [Server console handler/ERROR]: Exception handling console input
java.io.IOException: Descripteur non valide
	at java.io.FileInputStream.readBytes(Native Method) ~[?:1.8.0_151]
	at java.io.FileInputStream.read(Unknown Source) ~[?:1.8.0_151]
	at java.io.BufferedInputStream.fill(Unknown Source) ~[?:1.8.0_151]
	at java.io.BufferedInputStream.read(Unknown Source) ~[?:1.8.0_151]
	at org.bukkit.craftbukkit.libs.jline.internal.NonBlockingInputStream.read(NonBlockingInputStream.java:248) ~[spigot-1.12.2.jar:git-Spigot-3d850ec-809c399]
	at org.bukkit.craftbukkit.libs.jline.internal.InputStreamReader.read(InputStreamReader.java:261) ~[spigot-1.12.2.jar:git-Spigot-3d850ec-809c399]
	at org.bukkit.craftbukkit.libs.jline.internal.InputStreamReader.read(InputStreamReader.java:198) ~[spigot-1.12.2.jar:git-Spigot-3d850ec-809c399]
	at org.bukkit.craftbukkit.libs.jline.console.ConsoleReader.readCharacter(ConsoleReader.java:2145) ~[spigot-1.12.2.jar:git-Spigot-3d850ec-809c399]
	at org.bukkit.craftbukkit.libs.jline.console.ConsoleReader.readLineSimple(ConsoleReader.java:3183) ~[spigot-1.12.2.jar:git-Spigot-3d850ec-809c399]
	at org.bukkit.craftbukkit.libs.jline.console.ConsoleReader.readLine(ConsoleReader.java:2333) ~[spigot-1.12.2.jar:git-Spigot-3d850ec-809c399]
	at org.bukkit.craftbukkit.libs.jline.console.ConsoleReader.readLine(ConsoleReader.java:2269) ~[spigot-1.12.2.jar:git-Spigot-3d850ec-809c399]
	at org.bukkit.craftbukkit.libs.jline.console.ConsoleReader.readLine(ConsoleReader.java:2257) ~[spigot-1.12.2.jar:git-Spigot-3d850ec-809c399]
	at net.minecraft.server.v1_12_R1.DedicatedServer$2.run(DedicatedServer.java:87) [spigot-1.12.2.jar:git-Spigot-3d850ec-809c399]
[00:01:39] [Server thread/INFO]: Loading properties
[00:01:39] [Server thread/INFO]: Default game type: SURVIVAL
[00:01:39] [Server thread/INFO]: This server is running CraftBukkit version git-Spigot-3d850ec-809c399 (MC: 1.12.2) (Implementing API version 1.12.2-R0.1-SNAPSHOT)
[00:01:39] [Server thread/INFO]: Debug logging is disabled
[00:01:39] [Server thread/INFO]: Using 4 threads for Netty based IO
[00:01:39] [Server thread/INFO]: Server Ping Player Sample Count: 12
[00:01:39] [Server thread/INFO]: Generating keypair
[00:01:39] [Server thread/INFO]: Starting Minecraft server on *:25565
[00:01:39] [Server thread/INFO]: Using default channel type
[00:01:39] [Server thread/WARN]: **** SERVER IS RUNNING IN OFFLINE/INSECURE MODE!
[00:01:39] [Server thread/WARN]: The server will make no attempt to authenticate usernames. Beware.
[00:01:39] [Server thread/WARN]: While this makes the game possible to play without internet access, it also opens up the ability for hackers to connect with any username they choose.
[00:01:39] [Server thread/WARN]: To change this, set "online-mode" to "true" in the server.properties file.
[00:01:39] [Server thread/INFO]: **** Beginning UUID conversion, this may take A LONG time ****
[00:01:39] [Server thread/INFO]: Preparing level "world"
[00:01:39] [Server thread/INFO]: -------- World Settings For [world] --------
[00:01:39] [Server thread/INFO]: Item Merge Radius: 2.5
[00:01:39] [Server thread/INFO]: Item Despawn Rate: 6000
[00:01:39] [Server thread/INFO]: View Distance: 10
[00:01:39] [Server thread/INFO]: Arrow Despawn Rate: 1200
[00:01:39] [Server thread/INFO]: Allow Zombie Pigmen to spawn from portal blocks: true
[00:01:39] [Server thread/INFO]: Nerfing mobs spawned from spawners: false
[00:01:39] [Server thread/INFO]: Experience Merge Radius: 3.0
[00:01:39] [Server thread/INFO]: Zombie Aggressive Towards Villager: true
[00:01:39] [Server thread/INFO]: Hopper Transfer: 8 Hopper Check: 1 Hopper Amount: 1
[00:01:39] [Server thread/INFO]: Structure Info Saving: true
[00:01:39] [Server thread/INFO]: Mob Spawn Range: 4
[00:01:39] [Server thread/INFO]: Entity Activation Range: An 32 / Mo 32 / Mi 16
[00:01:39] [Server thread/INFO]: Tile Max Tick Time: 50ms Entity max Tick Time: 50ms
[00:01:39] [Server thread/INFO]: Cactus Growth Modifier: 100%
[00:01:39] [Server thread/INFO]: Cane Growth Modifier: 100%
[00:01:39] [Server thread/INFO]: Melon Growth Modifier: 100%
[00:01:39] [Server thread/INFO]: Mushroom Growth Modifier: 100%
[00:01:39] [Server thread/INFO]: Pumpkin Growth Modifier: 100%
[00:01:39] [Server thread/INFO]: Sapling Growth Modifier: 100%
[00:01:39] [Server thread/INFO]: Wheat Growth Modifier: 100%
[00:01:39] [Server thread/INFO]: NetherWart Growth Modifier: 100%
[00:01:39] [Server thread/INFO]: Vine Growth Modifier: 100%
[00:01:39] [Server thread/INFO]: Cocoa Growth Modifier: 100%
[00:01:39] [Server thread/INFO]: Entity Tracking Range: Pl 48 / An 48 / Mo 48 / Mi 32 / Other 64
[00:01:39] [Server thread/INFO]: Max TNT Explosions: 100
[00:01:39] [Server thread/INFO]: Random Lighting Updates: false
[00:01:39] [Server thread/INFO]: Custom Map Seeds:  Village: 10387312 Feature: 14357617 Monument: 10387313 Slime: 987234911
[00:01:40] [Server thread/INFO]: -------- World Settings For [world_nether] --------
[00:01:40] [Server thread/INFO]: Item Merge Radius: 2.5
[00:01:40] [Server thread/INFO]: Item Despawn Rate: 6000
[00:01:40] [Server thread/INFO]: View Distance: 10
[00:01:40] [Server thread/INFO]: Arrow Despawn Rate: 1200
[00:01:40] [Server thread/INFO]: Allow Zombie Pigmen to spawn from portal blocks: true
[00:01:40] [Server thread/INFO]: Nerfing mobs spawned from spawners: false
[00:01:40] [Server thread/INFO]: Experience Merge Radius: 3.0
[00:01:40] [Server thread/INFO]: Zombie Aggressive Towards Villager: true
[00:01:40] [Server thread/INFO]: Hopper Transfer: 8 Hopper Check: 1 Hopper Amount: 1
[00:01:40] [Server thread/INFO]: Structure Info Saving: true
[00:01:40] [Server thread/INFO]: Mob Spawn Range: 4
[00:01:40] [Server thread/INFO]: Entity Activation Range: An 32 / Mo 32 / Mi 16
[00:01:40] [Server thread/INFO]: Tile Max Tick Time: 50ms Entity max Tick Time: 50ms
[00:01:40] [Server thread/INFO]: Cactus Growth Modifier: 100%
[00:01:40] [Server thread/INFO]: Cane Growth Modifier: 100%
[00:01:40] [Server thread/INFO]: Melon Growth Modifier: 100%
[00:01:40] [Server thread/INFO]: Mushroom Growth Modifier: 100%
[00:01:40] [Server thread/INFO]: Pumpkin Growth Modifier: 100%
[00:01:40] [Server thread/INFO]: Sapling Growth Modifier: 100%
[00:01:40] [Server thread/INFO]: Wheat Growth Modifier: 100%
[00:01:40] [Server thread/INFO]: NetherWart Growth Modifier: 100%
[00:01:40] [Server thread/INFO]: Vine Growth Modifier: 100%
[00:01:40] [Server thread/INFO]: Cocoa Growth Modifier: 100%
[00:01:40] [Server thread/INFO]: Entity Tracking Range: Pl 48 / An 48 / Mo 48 / Mi 32 / Other 64
[00:01:40] [Server thread/INFO]: Max TNT Explosions: 100
[00:01:40] [Server thread/INFO]: Random Lighting Updates: false
[00:01:40] [Server thread/INFO]: Custom Map Seeds:  Village: 10387312 Feature: 14357617 Monument: 10387313 Slime: 987234911
[00:01:40] [Server thread/INFO]: -------- World Settings For [world_the_end] --------
[00:01:40] [Server thread/INFO]: Item Merge Radius: 2.5
[00:01:40] [Server thread/INFO]: Item Despawn Rate: 6000
[00:01:40] [Server thread/INFO]: View Distance: 10
[00:01:40] [Server thread/INFO]: Arrow Despawn Rate: 1200
[00:01:40] [Server thread/INFO]: Allow Zombie Pigmen to spawn from portal blocks: true
[00:01:40] [Server thread/INFO]: Nerfing mobs spawned from spawners: false
[00:01:40] [Server thread/INFO]: Experience Merge Radius: 3.0
[00:01:40] [Server thread/INFO]: Zombie Aggressive Towards Villager: true
[00:01:40] [Server thread/INFO]: Hopper Transfer: 8 Hopper Check: 1 Hopper Amount: 1
[00:01:40] [Server thread/INFO]: Structure Info Saving: true
[00:01:40] [Server thread/INFO]: Mob Spawn Range: 4
[00:01:40] [Server thread/INFO]: Entity Activation Range: An 32 / Mo 32 / Mi 16
[00:01:40] [Server thread/INFO]: Tile Max Tick Time: 50ms Entity max Tick Time: 50ms
[00:01:40] [Server thread/INFO]: Cactus Growth Modifier: 100%
[00:01:40] [Server thread/INFO]: Cane Growth Modifier: 100%
[00:01:40] [Server thread/INFO]: Melon Growth Modifier: 100%
[00:01:40] [Server thread/INFO]: Mushroom Growth Modifier: 100%
[00:01:40] [Server thread/INFO]: Pumpkin Growth Modifier: 100%
[00:01:40] [Server thread/INFO]: Sapling Growth Modifier: 100%
[00:01:40] [Server thread/INFO]: Wheat Growth Modifier: 100%
[00:01:40] [Server thread/INFO]: NetherWart Growth Modifier: 100%
[00:01:40] [Server thread/INFO]: Vine Growth Modifier: 100%
[00:01:40] [Server thread/INFO]: Cocoa Growth Modifier: 100%
[00:01:40] [Server thread/INFO]: Entity Tracking Range: Pl 48 / An 48 / Mo 48 / Mi 32 / Other 64
[00:01:40] [Server thread/INFO]: Max TNT Explosions: 100
[00:01:40] [Server thread/INFO]: Random Lighting Updates: false
[00:01:40] [Server thread/INFO]: Custom Map Seeds:  Village: 10387312 Feature: 14357617 Monument: 10387313 Slime: 987234911
[00:01:40] [Server thread/INFO]: Preparing start region for level 0 (Seed: -2102299034037717084)
[00:01:41] [Server thread/INFO]: Preparing spawn area: 70%
[00:01:41] [Server thread/INFO]: Preparing start region for level 1 (Seed: -2102299034037717084)
[00:01:42] [Server thread/INFO]: Preparing start region for level 2 (Seed: -2102299034037717084)
[00:01:42] [Server thread/INFO]: Server permissions file permissions.yml is empty, ignoring it
[00:01:42] [Server thread/INFO]: Done (2,770s)! For help, type "help" or "?"
[00:02:02] [User Authenticator #1/INFO]: UUID of player Traxmania is bd1c94e1-74e5-35d4-b09f-fbda0e081085
[00:02:02] [Server thread/INFO]: Traxmania[/127.0.0.1:58990] logged in with entity id 208 at ([world]-109.5, 63.0, 226.5)
[00:02:10] [Server thread/INFO]: Traxmania lost connection: Internal Exception: java.io.IOException: Une connexion existante a dû être fermée par l’hôte distant
[00:02:10] [Server thread/INFO]: Traxmania left the game
[00:02:36] [User Authenticator #2/INFO]: UUID of player Traxmania is bd1c94e1-74e5-35d4-b09f-fbda0e081085
[00:02:36] [Server thread/INFO]: Traxmania[/127.0.0.1:59063] logged in with entity id 383 at ([world]-109.5, 63.0, 226.5)
0:01:52] [Server thread/INFO]: Using default channel type
[00:01:53] [Server thread/WARN]: **** FAILED TO BIND TO PORT!
[00:01:53] [Server thread/WARN]: The exception was: java.net.BindException: Address already in use: bind
[00:01:53] [Server thread/WARN]: Perhaps a server is already running on that port?
[00:01:53] [Server thread/INFO]: Stopping server
[00:01:53] [Server thread/INFO]: Saving players
