[17:36:49] [Server thread/INFO]: Starting minecraft server version 1.12.2
[17:36:49] [Server thread/WARN]: To start the server with more ram, launch it as "java -Xmx1024M -Xms1024M -jar minecraft_server.jar"
[17:36:49] [Server thread/INFO]: Loading properties
[17:36:49] [Server console handler/ERROR]: Exception handling console input
java.io.IOException: Descripteur non valide
	at java.io.FileInputStream.readBytes(Native Method) ~[?:1.8.0_66]
	at java.io.FileInputStream.read(Unknown Source) ~[?:1.8.0_66]
	at java.io.BufferedInputStream.fill(Unknown Source) ~[?:1.8.0_66]
	at java.io.BufferedInputStream.read(Unknown Source) ~[?:1.8.0_66]
	at org.bukkit.craftbukkit.libs.jline.internal.NonBlockingInputStream.read(NonBlockingInputStream.java:248) ~[spigot-1.12.2.jar:git-Spigot-3d850ec-809c399]
	at org.bukkit.craftbukkit.libs.jline.internal.InputStreamReader.read(InputStreamReader.java:261) ~[spigot-1.12.2.jar:git-Spigot-3d850ec-809c399]
	at org.bukkit.craftbukkit.libs.jline.internal.InputStreamReader.read(InputStreamReader.java:198) ~[spigot-1.12.2.jar:git-Spigot-3d850ec-809c399]
	at org.bukkit.craftbukkit.libs.jline.console.ConsoleReader.readCharacter(ConsoleReader.java:2145) ~[spigot-1.12.2.jar:git-Spigot-3d850ec-809c399]
	at org.bukkit.craftbukkit.libs.jline.console.ConsoleReader.readLineSimple(ConsoleReader.java:3183) ~[spigot-1.12.2.jar:git-Spigot-3d850ec-809c399]
	at org.bukkit.craftbukkit.libs.jline.console.ConsoleReader.readLine(ConsoleReader.java:2333) ~[spigot-1.12.2.jar:git-Spigot-3d850ec-809c399]
	at org.bukkit.craftbukkit.libs.jline.console.ConsoleReader.readLine(ConsoleReader.java:2269) ~[spigot-1.12.2.jar:git-Spigot-3d850ec-809c399]
	at org.bukkit.craftbukkit.libs.jline.console.ConsoleReader.readLine(ConsoleReader.java:2257) ~[spigot-1.12.2.jar:git-Spigot-3d850ec-809c399]
	at net.minecraft.server.v1_12_R1.DedicatedServer$2.run(DedicatedServer.java:87) [spigot-1.12.2.jar:git-Spigot-3d850ec-809c399]
[17:36:49] [Server thread/INFO]: Default game type: SURVIVAL
[17:36:49] [Server thread/INFO]: This server is running CraftBukkit version git-Spigot-3d850ec-809c399 (MC: 1.12.2) (Implementing API version 1.12.2-R0.1-SNAPSHOT)
[17:36:49] [Server thread/INFO]: Debug logging is disabled
[17:36:49] [Server thread/INFO]: Server Ping Player Sample Count: 12
[17:36:49] [Server thread/INFO]: Using 4 threads for Netty based IO
[17:36:49] [Server thread/INFO]: Generating keypair
[17:36:49] [Server thread/INFO]: Starting Minecraft server on *:25565
[17:36:49] [Server thread/INFO]: Using default channel type
[17:36:49] [Server thread/ERROR]: Could not load 'plugins\forge-1.12.2-14.23.1.2580-universal.jar' in folder 'plugins'
org.bukkit.plugin.InvalidDescriptionException: Invalid plugin.yml
	at org.bukkit.plugin.java.JavaPluginLoader.getPluginDescription(JavaPluginLoader.java:152) ~[spigot-1.12.2.jar:git-Spigot-3d850ec-809c399]
	at org.bukkit.plugin.SimplePluginManager.loadPlugins(SimplePluginManager.java:133) [spigot-1.12.2.jar:git-Spigot-3d850ec-809c399]
	at org.bukkit.craftbukkit.v1_12_R1.CraftServer.loadPlugins(CraftServer.java:306) [spigot-1.12.2.jar:git-Spigot-3d850ec-809c399]
	at net.minecraft.server.v1_12_R1.DedicatedServer.init(DedicatedServer.java:205) [spigot-1.12.2.jar:git-Spigot-3d850ec-809c399]
	at net.minecraft.server.v1_12_R1.MinecraftServer.run(MinecraftServer.java:545) [spigot-1.12.2.jar:git-Spigot-3d850ec-809c399]
	at java.lang.Thread.run(Unknown Source) [?:1.8.0_66]
Caused by: java.io.FileNotFoundException: Jar does not contain plugin.yml
	... 6 more
[17:36:49] [Server thread/ERROR]: Could not load 'plugins\minecraft_server.1.12.2.jar' in folder 'plugins'
org.bukkit.plugin.InvalidDescriptionException: Invalid plugin.yml
	at org.bukkit.plugin.java.JavaPluginLoader.getPluginDescription(JavaPluginLoader.java:152) ~[spigot-1.12.2.jar:git-Spigot-3d850ec-809c399]
	at org.bukkit.plugin.SimplePluginManager.loadPlugins(SimplePluginManager.java:133) [spigot-1.12.2.jar:git-Spigot-3d850ec-809c399]
	at org.bukkit.craftbukkit.v1_12_R1.CraftServer.loadPlugins(CraftServer.java:306) [spigot-1.12.2.jar:git-Spigot-3d850ec-809c399]
	at net.minecraft.server.v1_12_R1.DedicatedServer.init(DedicatedServer.java:205) [spigot-1.12.2.jar:git-Spigot-3d850ec-809c399]
	at net.minecraft.server.v1_12_R1.MinecraftServer.run(MinecraftServer.java:545) [spigot-1.12.2.jar:git-Spigot-3d850ec-809c399]
	at java.lang.Thread.run(Unknown Source) [?:1.8.0_66]
Caused by: java.io.FileNotFoundException: Jar does not contain plugin.yml
	... 6 more
[17:36:49] [Server thread/INFO]: **** Beginning UUID conversion, this may take A LONG time ****
[17:36:49] [Server thread/INFO]: Preparing level "world"
[17:36:49] [Server thread/INFO]: -------- World Settings For [world] --------
[17:36:49] [Server thread/INFO]: View Distance: 10
[17:36:49] [Server thread/INFO]: Arrow Despawn Rate: 1200
[17:36:49] [Server thread/INFO]: Allow Zombie Pigmen to spawn from portal blocks: true
[17:36:49] [Server thread/INFO]: Item Merge Radius: 2.5
[17:36:49] [Server thread/INFO]: Item Despawn Rate: 6000
[17:36:49] [Server thread/INFO]: Nerfing mobs spawned from spawners: false
[17:36:49] [Server thread/INFO]: Experience Merge Radius: 3.0
[17:36:49] [Server thread/INFO]: Zombie Aggressive Towards Villager: true
[17:36:49] [Server thread/INFO]: Structure Info Saving: true
[17:36:49] [Server thread/INFO]: Entity Activation Range: An 32 / Mo 32 / Mi 16
[17:36:49] [Server thread/INFO]: Cactus Growth Modifier: 100%
[17:36:49] [Server thread/INFO]: Cane Growth Modifier: 100%
[17:36:49] [Server thread/INFO]: Melon Growth Modifier: 100%
[17:36:49] [Server thread/INFO]: Mushroom Growth Modifier: 100%
[17:36:49] [Server thread/INFO]: Pumpkin Growth Modifier: 100%
[17:36:49] [Server thread/INFO]: Sapling Growth Modifier: 100%
[17:36:49] [Server thread/INFO]: Wheat Growth Modifier: 100%
[17:36:49] [Server thread/INFO]: NetherWart Growth Modifier: 100%
[17:36:49] [Server thread/INFO]: Vine Growth Modifier: 100%
[17:36:49] [Server thread/INFO]: Cocoa Growth Modifier: 100%
[17:36:49] [Server thread/INFO]: Mob Spawn Range: 4
[17:36:49] [Server thread/INFO]: Random Lighting Updates: false
[17:36:49] [Server thread/INFO]: Entity Tracking Range: Pl 48 / An 48 / Mo 48 / Mi 32 / Other 64
[17:36:49] [Server thread/INFO]: Tile Max Tick Time: 50ms Entity max Tick Time: 50ms
[17:36:49] [Server thread/INFO]: Max TNT Explosions: 100
[17:36:49] [Server thread/INFO]: Custom Map Seeds:  Village: 10387312 Feature: 14357617 Monument: 10387313 Slime: 987234911
[17:36:49] [Server thread/INFO]: Hopper Transfer: 8 Hopper Check: 1 Hopper Amount: 1
[17:36:50] [Server thread/INFO]: -------- World Settings For [world_nether] --------
[17:36:50] [Server thread/INFO]: View Distance: 10
[17:36:50] [Server thread/INFO]: Arrow Despawn Rate: 1200
[17:36:50] [Server thread/INFO]: Allow Zombie Pigmen to spawn from portal blocks: true
[17:36:50] [Server thread/INFO]: Item Merge Radius: 2.5
[17:36:50] [Server thread/INFO]: Item Despawn Rate: 6000
[17:36:50] [Server thread/INFO]: Nerfing mobs spawned from spawners: false
[17:36:50] [Server thread/INFO]: Experience Merge Radius: 3.0
[17:36:50] [Server thread/INFO]: Zombie Aggressive Towards Villager: true
[17:36:50] [Server thread/INFO]: Structure Info Saving: true
[17:36:50] [Server thread/INFO]: Entity Activation Range: An 32 / Mo 32 / Mi 16
[17:36:50] [Server thread/INFO]: Cactus Growth Modifier: 100%
[17:36:50] [Server thread/INFO]: Cane Growth Modifier: 100%
[17:36:50] [Server thread/INFO]: Melon Growth Modifier: 100%
[17:36:50] [Server thread/INFO]: Mushroom Growth Modifier: 100%
[17:36:50] [Server thread/INFO]: Pumpkin Growth Modifier: 100%
[17:36:50] [Server thread/INFO]: Sapling Growth Modifier: 100%
[17:36:50] [Server thread/INFO]: Wheat Growth Modifier: 100%
[17:36:50] [Server thread/INFO]: NetherWart Growth Modifier: 100%
[17:36:50] [Server thread/INFO]: Vine Growth Modifier: 100%
[17:36:50] [Server thread/INFO]: Cocoa Growth Modifier: 100%
[17:36:50] [Server thread/INFO]: Mob Spawn Range: 4
[17:36:50] [Server thread/INFO]: Random Lighting Updates: false
[17:36:50] [Server thread/INFO]: Entity Tracking Range: Pl 48 / An 48 / Mo 48 / Mi 32 / Other 64
[17:36:50] [Server thread/INFO]: Tile Max Tick Time: 50ms Entity max Tick Time: 50ms
[17:36:50] [Server thread/INFO]: Max TNT Explosions: 100
[17:36:50] [Server thread/INFO]: Custom Map Seeds:  Village: 10387312 Feature: 14357617 Monument: 10387313 Slime: 987234911
[17:36:50] [Server thread/INFO]: Hopper Transfer: 8 Hopper Check: 1 Hopper Amount: 1
[17:36:50] [Server thread/INFO]: -------- World Settings For [world_the_end] --------
[17:36:50] [Server thread/INFO]: View Distance: 10
[17:36:50] [Server thread/INFO]: Arrow Despawn Rate: 1200
[17:36:50] [Server thread/INFO]: Allow Zombie Pigmen to spawn from portal blocks: true
[17:36:50] [Server thread/INFO]: Item Merge Radius: 2.5
[17:36:50] [Server thread/INFO]: Item Despawn Rate: 6000
[17:36:50] [Server thread/INFO]: Nerfing mobs spawned from spawners: false
[17:36:50] [Server thread/INFO]: Experience Merge Radius: 3.0
[17:36:50] [Server thread/INFO]: Zombie Aggressive Towards Villager: true
[17:36:50] [Server thread/INFO]: Structure Info Saving: true
[17:36:50] [Server thread/INFO]: Entity Activation Range: An 32 / Mo 32 / Mi 16
[17:36:50] [Server thread/INFO]: Cactus Growth Modifier: 100%
[17:36:50] [Server thread/INFO]: Cane Growth Modifier: 100%
[17:36:50] [Server thread/INFO]: Melon Growth Modifier: 100%
[17:36:50] [Server thread/INFO]: Mushroom Growth Modifier: 100%
[17:36:50] [Server thread/INFO]: Pumpkin Growth Modifier: 100%
[17:36:50] [Server thread/INFO]: Sapling Growth Modifier: 100%
[17:36:50] [Server thread/INFO]: Wheat Growth Modifier: 100%
[17:36:50] [Server thread/INFO]: NetherWart Growth Modifier: 100%
[17:36:50] [Server thread/INFO]: Vine Growth Modifier: 100%
[17:36:50] [Server thread/INFO]: Cocoa Growth Modifier: 100%
[17:36:50] [Server thread/INFO]: Mob Spawn Range: 4
[17:36:50] [Server thread/INFO]: Random Lighting Updates: false
[17:36:50] [Server thread/INFO]: Entity Tracking Range: Pl 48 / An 48 / Mo 48 / Mi 32 / Other 64
[17:36:50] [Server thread/INFO]: Tile Max Tick Time: 50ms Entity max Tick Time: 50ms
[17:36:50] [Server thread/INFO]: Max TNT Explosions: 100
[17:36:50] [Server thread/INFO]: Custom Map Seeds:  Village: 10387312 Feature: 14357617 Monument: 10387313 Slime: 987234911
[17:36:50] [Server thread/INFO]: Hopper Transfer: 8 Hopper Check: 1 Hopper Amount: 1
[17:36:50] [Server thread/INFO]: Preparing start region for level 0 (Seed: -2102299034037717084)
[17:36:51] [Server thread/INFO]: Preparing spawn area: 32%
[17:36:52] [Server thread/INFO]: Preparing spawn area: 95%
[17:36:52] [Server thread/INFO]: Preparing start region for level 1 (Seed: -2102299034037717084)
[17:36:53] [Server thread/INFO]: Preparing spawn area: 58%
[17:36:54] [Server thread/INFO]: Preparing start region for level 2 (Seed: -2102299034037717084)
[17:36:54] [Server thread/INFO]: Server permissions file permissions.yml is empty, ignoring it
[17:36:54] [Server thread/INFO]: Done (4,725s)! For help, type "help" or "?"
[17:37:13] [Server thread/INFO]: Starting minecraft server version 1.12.2
[17:37:13] [Server thread/INFO]: Loading properties
[17:37:13] [Server thread/INFO]: Default game type: SURVIVAL
[17:37:13] [Server thread/INFO]: This server is running CraftBukkit version git-Spigot-3d850ec-809c399 (MC: 1.12.2) (Implementing API version 1.12.2-R0.1-SNAPSHOT)
[17:37:13] [Server thread/INFO]: Debug logging is disabled
[17:37:13] [Server thread/INFO]: Using 4 threads for Netty based IO
[17:37:13] [Server thread/INFO]: Server Ping Player Sample Count: 12
[17:37:13] [Server thread/INFO]: Generating keypair
[17:37:13] [Server thread/INFO]: Starting Minecraft server on *:25565
[17:37:13] [Server thread/INFO]: Using default channel type
[17:37:14] [Server thread/WARN]: **** FAILED TO BIND TO PORT!
[17:37:14] [Server thread/WARN]: The exception was: java.net.BindException: Address already in use: bind
[17:37:14] [Server thread/WARN]: Perhaps a server is already running on that port?
[17:37:14] [Server thread/INFO]: Stopping server
[17:37:14] [Server thread/INFO]: Saving players
