[17:45:16] [Server thread/INFO]: Starting minecraft server version 1.12.2
[17:45:16] [Server thread/WARN]: To start the server with more ram, launch it as "java -Xmx1024M -Xms1024M -jar minecraft_server.jar"
[17:45:16] [Server thread/INFO]: Loading properties
[17:45:16] [Server console handler/ERROR]: Exception handling console input
java.io.IOException: Descripteur non valide
	at java.io.FileInputStream.readBytes(Native Method) ~[?:1.8.0_66]
	at java.io.FileInputStream.read(Unknown Source) ~[?:1.8.0_66]
	at java.io.BufferedInputStream.fill(Unknown Source) ~[?:1.8.0_66]
	at java.io.BufferedInputStream.read(Unknown Source) ~[?:1.8.0_66]
	at org.bukkit.craftbukkit.libs.jline.internal.NonBlockingInputStream.read(NonBlockingInputStream.java:248) ~[spigot-1.12.2.jar:git-Spigot-3d850ec-809c399]
	at org.bukkit.craftbukkit.libs.jline.internal.InputStreamReader.read(InputStreamReader.java:261) ~[spigot-1.12.2.jar:git-Spigot-3d850ec-809c399]
	at org.bukkit.craftbukkit.libs.jline.internal.InputStreamReader.read(InputStreamReader.java:198) ~[spigot-1.12.2.jar:git-Spigot-3d850ec-809c399]
	at org.bukkit.craftbukkit.libs.jline.console.ConsoleReader.readCharacter(ConsoleReader.java:2145) ~[spigot-1.12.2.jar:git-Spigot-3d850ec-809c399]
	at org.bukkit.craftbukkit.libs.jline.console.ConsoleReader.readLineSimple(ConsoleReader.java:3183) ~[spigot-1.12.2.jar:git-Spigot-3d850ec-809c399]
	at org.bukkit.craftbukkit.libs.jline.console.ConsoleReader.readLine(ConsoleReader.java:2333) ~[spigot-1.12.2.jar:git-Spigot-3d850ec-809c399]
	at org.bukkit.craftbukkit.libs.jline.console.ConsoleReader.readLine(ConsoleReader.java:2269) ~[spigot-1.12.2.jar:git-Spigot-3d850ec-809c399]
	at org.bukkit.craftbukkit.libs.jline.console.ConsoleReader.readLine(ConsoleReader.java:2257) ~[spigot-1.12.2.jar:git-Spigot-3d850ec-809c399]
	at net.minecraft.server.v1_12_R1.DedicatedServer$2.run(DedicatedServer.java:87) [spigot-1.12.2.jar:git-Spigot-3d850ec-809c399]
[17:45:16] [Server thread/INFO]: Default game type: SURVIVAL
[17:45:16] [Server thread/INFO]: This server is running CraftBukkit version git-Spigot-3d850ec-809c399 (MC: 1.12.2) (Implementing API version 1.12.2-R0.1-SNAPSHOT)
[17:45:16] [Server thread/INFO]: Debug logging is disabled
[17:45:16] [Server thread/INFO]: Server Ping Player Sample Count: 12
[17:45:16] [Server thread/INFO]: Using 4 threads for Netty based IO
[17:45:16] [Server thread/INFO]: Generating keypair
[17:45:16] [Server thread/INFO]: Starting Minecraft server on *:25565
[17:45:16] [Server thread/INFO]: Using default channel type
[17:45:16] [Server thread/WARN]: **** FAILED TO BIND TO PORT!
[17:45:16] [Server thread/WARN]: The exception was: java.net.BindException: Address already in use: bind
[17:45:16] [Server thread/WARN]: Perhaps a server is already running on that port?
[17:45:16] [Server thread/INFO]: Stopping server
[17:45:16] [Server thread/INFO]: Saving players
