[04:26:15] [User Authenticator #4/INFO]: UUID of player SpockPol is 305fbbcb-f408-406d-bb96-890e47ebf514
[04:26:15] [Server thread/INFO]: SpockPol[/87.231.134.25:51706] logged in with entity id 2243 at (-96.40364062572951, 63.0, 215.9635864849725)
[04:26:15] [Server thread/INFO]: SpockPol joined the game
[04:36:32] [User Authenticator #5/INFO]: UUID of player Traxmania is 94aaa575-af8a-4113-92f2-28406dc22b8a
[04:36:32] [Server thread/INFO]: Traxmania[/81.185.173.150:60244] logged in with entity id 3709 at (-98.06482197200802, 63.0, 240.2084156637634)
[04:36:32] [Server thread/INFO]: Traxmania joined the game
[04:37:13] [Server thread/INFO]: Made Traxmania a server operator
[04:37:38] [Server thread/INFO]: [Traxmania: Set own game mode to Creative Mode]
[05:08:21] [Server thread/INFO]: [SpockPol: Set own game mode to Creative Mode]
[05:09:29] [Server thread/WARN]: Fetching packet for removed entity avy['Air'/9545, l='world', x=-165.80, y=76.00, z=293.20]
[05:09:49] [Server thread/WARN]: Fetching packet for removed entity avy['Air'/9577, l='world', x=-188.48, y=62.11, z=221.80]
[05:09:49] [Server thread/WARN]: Fetching packet for removed entity avy['Air'/9577, l='world', x=-188.48, y=62.11, z=221.80]
[05:18:35] [Server thread/INFO]: [SpockPol: Set own game mode to Survival Mode]
[05:18:58] [Server thread/INFO]: [Traxmania: Set own game mode to Survival Mode]
[05:31:59] [Server thread/WARN]: Fetching packet for removed entity avy['Air'/13477, l='world', x=-190.70, y=62.10, z=221.80]
[05:31:59] [Server thread/WARN]: Fetching packet for removed entity avy['Air'/13477, l='world', x=-190.70, y=62.10, z=221.80]
[05:39:36] [Server thread/WARN]: Mismatch in destroy block pos: fk{x=-250, y=5, z=256} fk{x=-251, y=5, z=255}
[05:56:27] [Server thread/INFO]: SpockPol has made the advancement [Diamonds!]
[05:58:38] [Server thread/INFO]: [Traxmania: Set own game mode to Creative Mode]
[06:02:30] [Server thread/INFO]: [Traxmania: Set own game mode to Survival Mode]
[06:08:07] [Server thread/INFO]: Traxmania lost connection: Disconnected
[06:08:07] [Server thread/INFO]: Traxmania left the game
[06:25:33] [Server thread/WARN]: Fetching packet for removed entity avy['Air'/26355, l='world', x=-189.00, y=62.05, z=221.28]
[06:30:14] [Server thread/INFO]: SpockPol lost connection: Disconnected
[06:30:14] [Server thread/INFO]: SpockPol left the game
[18:57:07] [User Authenticator #6/INFO]: UUID of player SqdRqtik is 9af635f6-b37d-4c09-8adc-daadfa85e3cc
[18:57:07] [Server thread/INFO]: SqdRqtik[/185.228.229.56:15326] logged in with entity id 27264 at (-108.91110573332756, 63.0, 220.69762497669282)
[18:57:07] [Server thread/INFO]: SqdRqtik joined the game
[18:59:39] [Server thread/INFO]: SqdRqtik lost connection: Disconnected
[18:59:39] [Server thread/INFO]: SqdRqtik left the game
[19:21:25] [User Authenticator #7/INFO]: UUID of player SpockPol is 305fbbcb-f408-406d-bb96-890e47ebf514
[19:21:25] [Server thread/INFO]: SpockPol[/87.231.134.25:53876] logged in with entity id 27637 at (-107.35512932198857, 62.0, 214.35180809110335)
[19:21:25] [Server thread/INFO]: SpockPol joined the game
[19:24:37] [User Authenticator #8/INFO]: UUID of player SqdRqtik is 9af635f6-b37d-4c09-8adc-daadfa85e3cc
[19:24:37] [Server thread/INFO]: SqdRqtik[/193.57.121.252:10830] logged in with entity id 28305 at (-113.7550856620729, 68.0, 232.3354192124597)
[19:24:37] [Server thread/INFO]: SqdRqtik joined the game
[19:51:46] [Server thread/WARN]: Fetching packet for removed entity avy['Air'/38453, l='world', x=-111.20, y=60.00, z=184.20]
[19:52:04] [Server thread/WARN]: Fetching packet for removed entity avy['Air'/38489, l='world', x=-112.11, y=60.00, z=184.31]
[20:12:31] [Server thread/WARN]: Fetching packet for removed entity avy['Air'/45434, l='world', x=-192.80, y=62.11, z=221.27]
[20:34:33] [Server thread/WARN]: Fetching packet for removed entity avy['Air'/50372, l='world', x=-192.80, y=62.08, z=221.80]
[20:34:33] [Server thread/WARN]: Fetching packet for removed entity avy['Air'/50372, l='world', x=-192.80, y=62.08, z=221.80]
[20:37:34] [Server thread/INFO]: SpockPol has made the advancement [Cover Me With Diamonds]
[20:39:08] [Server thread/WARN]: Fetching packet for removed entity avy['Air'/51315, l='world', x=-191.57, y=62.11, z=221.80]
[20:39:08] [Server thread/WARN]: Fetching packet for removed entity avy['Air'/51315, l='world', x=-191.57, y=62.11, z=221.80]
[20:42:45] [Server thread/WARN]: Fetching packet for removed entity avy['Air'/52512, l='world', x=-194.20, y=84.00, z=281.20]
[21:20:19] [Server thread/WARN]: Fetching packet for removed entity avy['Air'/65098, l='world', x=-188.10, y=62.12, z=221.80]
[21:42:33] [Server thread/WARN]: Fetching packet for removed entity avy['Air'/70179, l='world', x=-189.37, y=62.11, z=221.80]
[21:53:54] [Server thread/WARN]: Fetching packet for removed entity avy['Air'/72578, l='world', x=-187.66, y=62.11, z=221.80]
[22:06:07] [Server thread/WARN]: Fetching packet for removed entity avy['Air'/75301, l='world', x=-189.79, y=62.08, z=221.80]
[22:07:20] [Server thread/WARN]: Fetching packet for removed entity avy['Air'/75552, l='world', x=-192.28, y=62.12, z=221.30]
[22:29:00] [Server thread/INFO]: SqdRqtik fell from a high place
[22:30:48] [Server thread/WARN]: Fetching packet for removed entity avy['Air'/83397, l='world', x=-192.80, y=62.05, z=221.80]
[22:34:25] [Server thread/WARN]: Fetching packet for removed entity avy['Air'/85162, l='world', x=-112.80, y=60.00, z=186.78]
[22:34:25] [Server thread/WARN]: Fetching packet for removed entity avy['Air'/85162, l='world', x=-112.80, y=60.00, z=186.78]
[22:34:58] [Server thread/WARN]: Fetching packet for removed entity avy['Dirt'/85383, l='world', x=-83.09, y=33.43, z=215.71]
[22:37:52] [Server thread/WARN]: Fetching packet for removed entity avy['Air'/86158, l='world', x=-192.41, y=62.11, z=221.80]
[22:41:17] [Server thread/WARN]: Fetching packet for removed entity avy['Air'/86902, l='world', x=-112.80, y=60.00, z=186.26]
[22:41:17] [Server thread/WARN]: Fetching packet for removed entity avy['Air'/86902, l='world', x=-112.80, y=60.00, z=186.26]
[22:52:24] [Server thread/WARN]: Fetching packet for removed entity avy['Air'/89283, l='world', x=-112.03, y=60.00, z=186.80]
[22:52:24] [Server thread/WARN]: Fetching packet for removed entity avy['Air'/89283, l='world', x=-112.03, y=60.00, z=186.80]
[22:53:42] [Server thread/WARN]: Can't keep up! Is the server overloaded? Running 5401ms or 108 ticks behind
[22:53:51] [Server thread/INFO]: SqdRqtik lost connection: Disconnected
[22:53:51] [Server thread/INFO]: SqdRqtik left the game
[22:53:54] [Server thread/INFO]: Unknown command
[22:53:54] [Server thread/INFO]: save<--[HERE]
[22:54:40] [Server thread/INFO]: Saving the game (this may take a moment!)
[22:54:52] [Server Watchdog/FATAL]: A single server tick took 60.01 seconds (should be max 0.05)
[22:54:52] [Server Watchdog/FATAL]: Considering it to be crashed, server will forcibly shutdown.
[22:55:19] [Server thread/INFO]: Saved the game
[22:55:30] [Server thread/INFO]: SpockPol lost connection: Disconnected
[22:55:31] [Server thread/INFO]: SpockPol left the game
[22:56:06] [Server thread/INFO]: Stopping the server
[22:56:08] [Server thread/INFO]: Stopping server
[22:56:12] [Server thread/INFO]: Saving players
[22:56:14] [Server thread/INFO]: Saving worlds
[22:56:16] [Server thread/INFO]: Saving chunks for level 'world'/minecraft:overworld
[22:58:15] [Server Watchdog/ERROR]: This crash report has been saved to: /home/container/./crash-reports/crash-2020-01-01_22.57.23-server.txt
