[21:49:27] [main/DEBUG] [FML/]: Injecting tracing printstreams for STDOUT/STDERR.
[21:49:27] [main/INFO] [FML/]: Forge Mod Loader version 14.23.1.2580 for Minecraft 1.12.2 loading
[21:49:27] [main/INFO] [FML/]: Java is Java HotSpot(TM) 64-Bit Server VM, version 1.8.0_151, running on Windows 10:amd64:10.0, installed at C:\Program Files\Java\jre1.8.0_151
[21:49:27] [main/DEBUG] [FML/]: Java classpath at launch is:
[21:49:27] [main/DEBUG] [FML/]:     D:\Serveur Minecraft\plugins\forge-1.12.2-14.23.1.2580-universal.jar
[21:49:27] [main/DEBUG] [FML/]: Java library path at launch is:
[21:49:27] [main/DEBUG] [FML/]:     C:\Program Files\Java\jre1.8.0_151\bin
[21:49:27] [main/DEBUG] [FML/]:     C:\Windows\Sun\Java\bin
[21:49:27] [main/DEBUG] [FML/]:     C:\Windows\system32
[21:49:27] [main/DEBUG] [FML/]:     C:\Windows
[21:49:27] [main/DEBUG] [FML/]:     C:\ProgramData\Oracle\Java\javapath
[21:49:27] [main/DEBUG] [FML/]:     C:\Program Files (x86)\Intel\iCLS Client\
[21:49:27] [main/DEBUG] [FML/]:     C:\Program Files\Intel\iCLS Client\
[21:49:27] [main/DEBUG] [FML/]:     C:\Windows\system32
[21:49:27] [main/DEBUG] [FML/]:     C:\Windows
[21:49:27] [main/DEBUG] [FML/]:     C:\Windows\System32\Wbem
[21:49:27] [main/DEBUG] [FML/]:     C:\Windows\System32\WindowsPowerShell\v1.0\
[21:49:27] [main/DEBUG] [FML/]:     C:\Program Files (x86)\Intel\Intel(R) Management Engine Components\DAL
[21:49:27] [main/DEBUG] [FML/]:     C:\Program Files\Intel\Intel(R) Management Engine Components\DAL
[21:49:27] [main/DEBUG] [FML/]:     C:\Program Files (x86)\Intel\Intel(R) Management Engine Components\IPT
[21:49:27] [main/DEBUG] [FML/]:     C:\Program Files\Intel\Intel(R) Management Engine Components\IPT
[21:49:27] [main/DEBUG] [FML/]:     C:\Program Files (x86)\NVIDIA Corporation\PhysX\Common
[21:49:27] [main/DEBUG] [FML/]:     C:\Program Files\Intel\WiFi\bin\
[21:49:27] [main/DEBUG] [FML/]:     C:\Program Files\Common Files\Intel\WirelessCommon\
[21:49:27] [main/DEBUG] [FML/]:     C:\Windows\system32
[21:49:27] [main/DEBUG] [FML/]:     C:\Windows
[21:49:27] [main/DEBUG] [FML/]:     C:\Windows\System32\Wbem
[21:49:27] [main/DEBUG] [FML/]:     C:\Windows\System32\WindowsPowerShell\v1.0\
[21:49:27] [main/DEBUG] [FML/]:     C:\Program Files (x86)\Skype\Phone\
[21:49:27] [main/DEBUG] [FML/]:     C:\Program Files (x86)\GtkSharp\2.12\bin
[21:49:27] [main/DEBUG] [FML/]:     C:\Program Files\Microsoft SQL Server\130\Tools\Binn\
[21:49:27] [main/DEBUG] [FML/]:     C:\Program Files\dotnet\
[21:49:27] [main/DEBUG] [FML/]:     C:\Program Files\Git\cmd
[21:49:27] [main/DEBUG] [FML/]:     D:\Program Files\nodejs\
[21:49:27] [main/DEBUG] [FML/]:     D:\Ruby24-x64\bin
[21:49:27] [main/DEBUG] [FML/]:     C:\Users\Trax6\AppData\Local\Microsoft\WindowsApps
[21:49:27] [main/DEBUG] [FML/]:     C:\Users\Trax6\AppData\Local\atom\bin
[21:49:27] [main/DEBUG] [FML/]:     C:\Users\Trax6\AppData\Roaming\npm
[21:49:27] [main/DEBUG] [FML/]:     .
[21:49:27] [main/DEBUG] [FML/]: Enabling runtime deobfuscation
[21:49:27] [main/DEBUG] [FML/]: Instantiating coremod class FMLCorePlugin
[21:49:27] [main/DEBUG] [FML/]: Found signing certificates for coremod FMLCorePlugin (net.minecraftforge.fml.relauncher.FMLCorePlugin)
[21:49:27] [main/DEBUG] [FML/]: Found certificate e3c3d50c7c986df74c645c0ac54639741c90a557
[21:49:27] [main/DEBUG] [FML/]: Added access transformer class net.minecraftforge.fml.common.asm.transformers.AccessTransformer to enqueued access transformers
[21:49:27] [main/DEBUG] [FML/]: Enqueued coremod FMLCorePlugin
[21:49:27] [main/DEBUG] [FML/]: Instantiating coremod class FMLForgePlugin
[21:49:27] [main/DEBUG] [FML/]: Found signing certificates for coremod FMLForgePlugin (net.minecraftforge.classloading.FMLForgePlugin)
[21:49:27] [main/DEBUG] [FML/]: Found certificate e3c3d50c7c986df74c645c0ac54639741c90a557
[21:49:27] [main/DEBUG] [FML/]: Enqueued coremod FMLForgePlugin
[21:49:27] [main/DEBUG] [FML/]: All fundamental core mods are successfully located
[21:49:27] [main/DEBUG] [FML/]: Attempting to load commandline specified mods, relative to D:\Serveur Minecraft\plugins\.
[21:49:27] [main/DEBUG] [FML/]: Adding net.minecraftforge:MercuriusUpdater (D:\Serveur Minecraft\plugins\libraries\net\minecraftforge\MercuriusUpdater\1.12.2\MercuriusUpdater-1.12.2.jar) to the mod list
[21:49:27] [main/DEBUG] [FML/]: Discovering coremods
[21:49:27] [main/DEBUG] [FML/]: Examining for coremod candidacy MercuriusUpdater-1.12.2.jar
[21:49:28] [main/DEBUG] [FML/]: Not found coremod data in MercuriusUpdater-1.12.2.jar
[21:49:28] [main/INFO] [LaunchWrapper/]: Loading tweak class name net.minecraftforge.fml.common.launcher.FMLInjectionAndSortingTweaker
[21:49:28] [main/INFO] [LaunchWrapper/]: Loading tweak class name net.minecraftforge.fml.common.launcher.FMLDeobfTweaker
[21:49:28] [main/INFO] [LaunchWrapper/]: Calling tweak class net.minecraftforge.fml.common.launcher.FMLInjectionAndSortingTweaker
[21:49:28] [main/INFO] [LaunchWrapper/]: Calling tweak class net.minecraftforge.fml.common.launcher.FMLInjectionAndSortingTweaker
[21:49:28] [main/INFO] [LaunchWrapper/]: Calling tweak class net.minecraftforge.fml.relauncher.CoreModManager$FMLPluginWrapper
[21:49:28] [main/DEBUG] [FML/]: Injecting coremod FMLCorePlugin \{net.minecraftforge.fml.relauncher.FMLCorePlugin\} class transformers
[21:49:28] [main/TRACE] [FML/]: Registering transformer net.minecraftforge.fml.common.asm.transformers.BlamingTransformer
[21:49:28] [main/TRACE] [FML/]: Registering transformer net.minecraftforge.fml.common.asm.transformers.SideTransformer
[21:49:28] [main/TRACE] [FML/]: Registering transformer net.minecraftforge.fml.common.asm.transformers.EventSubscriptionTransformer
[21:49:28] [main/TRACE] [FML/]: Registering transformer net.minecraftforge.fml.common.asm.transformers.EventSubscriberTransformer
[21:49:28] [main/DEBUG] [FML/]: Injection complete
[21:49:28] [main/DEBUG] [FML/]: Running coremod plugin for FMLCorePlugin \{net.minecraftforge.fml.relauncher.FMLCorePlugin\}
[21:49:28] [main/DEBUG] [FML/]: Running coremod plugin FMLCorePlugin
[21:49:29] [main/DEBUG] [FML/]: Injecting tracing printstreams for STDOUT/STDERR.
[21:49:29] [main/DEBUG] [FML/]: Read 1048 binary patches
[21:49:29] [main/DEBUG] [FML/]: Loading deobfuscation resource /deobfuscation_data-1.12.2.lzma with 36083 records
[21:49:29] [main/INFO] [FML/]: Found valid fingerprint for Minecraft Forge. Certificate fingerprint e3c3d50c7c986df74c645c0ac54639741c90a557
[21:49:29] [main/DEBUG] [FML/]: Coremod plugin class FMLCorePlugin run successfully
[21:49:29] [main/INFO] [LaunchWrapper/]: Calling tweak class net.minecraftforge.fml.relauncher.CoreModManager$FMLPluginWrapper
[21:49:29] [main/DEBUG] [FML/]: Injecting coremod FMLForgePlugin \{net.minecraftforge.classloading.FMLForgePlugin\} class transformers
[21:49:29] [main/DEBUG] [FML/]: Injection complete
[21:49:29] [main/DEBUG] [FML/]: Running coremod plugin for FMLForgePlugin \{net.minecraftforge.classloading.FMLForgePlugin\}
[21:49:29] [main/DEBUG] [FML/]: Running coremod plugin FMLForgePlugin
[21:49:29] [main/DEBUG] [FML/]: Coremod plugin class FMLForgePlugin run successfully
[21:49:29] [main/INFO] [LaunchWrapper/]: Calling tweak class net.minecraftforge.fml.common.launcher.FMLDeobfTweaker
[21:49:29] [main/DEBUG] [FML/]: Loaded 208 rules from AccessTransformer config file forge_at.cfg
[21:49:29] [main/DEBUG] [FML/]: Validating minecraft
[21:49:30] [main/DEBUG] [FML/]: Minecraft validated, launching...
[21:49:30] [main/INFO] [LaunchWrapper/]: Loading tweak class name net.minecraftforge.fml.common.launcher.TerminalTweaker
[21:49:30] [main/INFO] [LaunchWrapper/]: Calling tweak class net.minecraftforge.fml.common.launcher.TerminalTweaker
[21:49:30] [main/INFO] [LaunchWrapper/]: Launching wrapped minecraft {net.minecraft.server.MinecraftServer}
[21:49:33] [main/DEBUG] [FML/]: Creating vanilla freeze snapshot
[21:49:33] [main/DEBUG] [FML/]: Vanilla freeze snapshot created
