[17:41:58] [main/DEBUG] [FML/]: Injecting tracing printstreams for STDOUT/STDERR.
[17:41:58] [main/INFO] [FML/]: Forge Mod Loader version 14.23.1.2580 for Minecraft 1.12.2 loading
[17:41:58] [main/INFO] [FML/]: Java is Java HotSpot(TM) Client VM, version 1.8.0_66, running on Windows 10:x86:10.0, installed at C:\Program Files (x86)\Java\jre1.8.0_66
[17:41:58] [main/DEBUG] [FML/]: Java classpath at launch is:
[17:41:58] [main/DEBUG] [FML/]:     C:\Users\Jerem\Desktop\Serveur Minecraft\plugins\forge-1.12.2-14.23.1.2580-universal.jar
[17:41:58] [main/DEBUG] [FML/]: Java library path at launch is:
[17:41:58] [main/DEBUG] [FML/]:     C:\Program Files (x86)\Java\jre1.8.0_66\bin
[17:41:58] [main/DEBUG] [FML/]:     C:\WINDOWS\Sun\Java\bin
[17:41:58] [main/DEBUG] [FML/]:     C:\WINDOWS\system32
[17:41:58] [main/DEBUG] [FML/]:     C:\WINDOWS
[17:41:58] [main/DEBUG] [FML/]:     c:\programdata\oracle\java\javapath
[17:41:58] [main/DEBUG] [FML/]:     c:\program files\common files\microsoft shared\windows live
[17:41:58] [main/DEBUG] [FML/]:     c:\program files (x86)\common files\microsoft shared\windows live
[17:41:58] [main/DEBUG] [FML/]:     c:\windows\system32
[17:41:58] [main/DEBUG] [FML/]:     c:\windows
[17:41:58] [main/DEBUG] [FML/]:     c:\windows\system32\wbem
[17:41:58] [main/DEBUG] [FML/]:     c:\windows\system32\windowspowershell\v1.0\
[17:41:58] [main/DEBUG] [FML/]:     c:\program files\intel\intel(r) management engine components\dal
[17:41:58] [main/DEBUG] [FML/]:     c:\program files\intel\intel(r) management engine components\ipt
[17:41:58] [main/DEBUG] [FML/]:     c:\program files (x86)\intel\intel(r) management engine components\dal
[17:41:58] [main/DEBUG] [FML/]:     c:\program files (x86)\intel\intel(r) management engine components\ipt
[17:41:58] [main/DEBUG] [FML/]:     c:\users\jerem\appdata\local\smartbar\application\
[17:41:58] [main/DEBUG] [FML/]:     c:\program files (x86)\windows live\shared
[17:41:58] [main/DEBUG] [FML/]:     c:\program files (x86)\skype\phone\
[17:41:58] [main/DEBUG] [FML/]:     %systemroot%\system32
[17:41:58] [main/DEBUG] [FML/]:     %systemroot%
[17:41:58] [main/DEBUG] [FML/]:     %systemroot%\system32\wbem
[17:41:58] [main/DEBUG] [FML/]:     %systemroot%\system32\windowspowershell\v1.0\
[17:41:58] [main/DEBUG] [FML/]:     C:\Program Files (x86)\NVIDIA Corporation\PhysX\Common
[17:41:58] [main/DEBUG] [FML/]:     %SystemRoot%\system32
[17:41:58] [main/DEBUG] [FML/]:     %SystemRoot%
[17:41:58] [main/DEBUG] [FML/]:     %SystemRoot%\System32\Wbem
[17:41:58] [main/DEBUG] [FML/]:     %SYSTEMROOT%\System32\WindowsPowerShell\v1.0\
[17:41:58] [main/DEBUG] [FML/]:     
[17:41:58] [main/DEBUG] [FML/]:     C:\Program Files (x86)\Steam\SteamApps\common\Half-Life 2\bin
[17:41:58] [main/DEBUG] [FML/]:     C:\Users\Jerem\AppData\Local\Microsoft\WindowsApps
[17:41:58] [main/DEBUG] [FML/]:     .
[17:41:58] [main/DEBUG] [FML/]: Enabling runtime deobfuscation
[17:41:58] [main/DEBUG] [FML/]: Instantiating coremod class FMLCorePlugin
[17:41:58] [main/DEBUG] [FML/]: Found signing certificates for coremod FMLCorePlugin (net.minecraftforge.fml.relauncher.FMLCorePlugin)
[17:41:58] [main/DEBUG] [FML/]: Found certificate e3c3d50c7c986df74c645c0ac54639741c90a557
[17:41:58] [main/DEBUG] [FML/]: Added access transformer class net.minecraftforge.fml.common.asm.transformers.AccessTransformer to enqueued access transformers
[17:41:58] [main/DEBUG] [FML/]: Enqueued coremod FMLCorePlugin
[17:41:58] [main/DEBUG] [FML/]: Instantiating coremod class FMLForgePlugin
[17:41:58] [main/DEBUG] [FML/]: Found signing certificates for coremod FMLForgePlugin (net.minecraftforge.classloading.FMLForgePlugin)
[17:41:58] [main/DEBUG] [FML/]: Found certificate e3c3d50c7c986df74c645c0ac54639741c90a557
[17:41:58] [main/DEBUG] [FML/]: Enqueued coremod FMLForgePlugin
[17:41:58] [main/DEBUG] [FML/]: All fundamental core mods are successfully located
[17:41:58] [main/ERROR] [FML/]: Unable to read the jar file BetterPvP_1.14.4_Forge_1.12.jar - ignoring
java.util.zip.ZipException: error in opening zip file
	at java.util.zip.ZipFile.open(Native Method) ~[?:1.8.0_66]
	at java.util.zip.ZipFile.<init>(Unknown Source) ~[?:1.8.0_66]
	at java.util.zip.ZipFile.<init>(Unknown Source) ~[?:1.8.0_66]
	at java.util.jar.JarFile.<init>(Unknown Source) ~[?:1.8.0_66]
	at java.util.jar.JarFile.<init>(Unknown Source) ~[?:1.8.0_66]
	at net.minecraftforge.fml.relauncher.CoreModManager.extractPackedJars(CoreModManager.java:441) [forge-1.12.2-14.23.1.2580-universal.jar:?]
	at net.minecraftforge.fml.relauncher.CoreModManager.discoverCoreMods(CoreModManager.java:337) [forge-1.12.2-14.23.1.2580-universal.jar:?]
	at net.minecraftforge.fml.relauncher.CoreModManager.handleLaunch(CoreModManager.java:254) [forge-1.12.2-14.23.1.2580-universal.jar:?]
	at net.minecraftforge.fml.relauncher.FMLLaunchHandler.setupHome(FMLLaunchHandler.java:100) [forge-1.12.2-14.23.1.2580-universal.jar:?]
	at net.minecraftforge.fml.relauncher.FMLLaunchHandler.setupServer(FMLLaunchHandler.java:81) [forge-1.12.2-14.23.1.2580-universal.jar:?]
	at net.minecraftforge.fml.relauncher.FMLLaunchHandler.configureForServerLaunch(FMLLaunchHandler.java:43) [forge-1.12.2-14.23.1.2580-universal.jar:?]
	at net.minecraftforge.fml.common.launcher.FMLServerTweaker.injectIntoClassLoader(FMLServerTweaker.java:62) [forge-1.12.2-14.23.1.2580-universal.jar:?]
	at net.minecraft.launchwrapper.Launch.launch(Launch.java:115) [launchwrapper-1.12.jar:?]
	at net.minecraft.launchwrapper.Launch.main(Launch.java:28) [launchwrapper-1.12.jar:?]
	at sun.reflect.NativeMethodAccessorImpl.invoke0(Native Method) ~[?:1.8.0_66]
	at sun.reflect.NativeMethodAccessorImpl.invoke(Unknown Source) ~[?:1.8.0_66]
	at sun.reflect.DelegatingMethodAccessorImpl.invoke(Unknown Source) ~[?:1.8.0_66]
	at java.lang.reflect.Method.invoke(Unknown Source) ~[?:1.8.0_66]
	at net.minecraftforge.fml.relauncher.ServerLaunchWrapper.run(ServerLaunchWrapper.java:62) [forge-1.12.2-14.23.1.2580-universal.jar:?]
	at net.minecraftforge.fml.relauncher.ServerLaunchWrapper.main(ServerLaunchWrapper.java:31) [forge-1.12.2-14.23.1.2580-universal.jar:?]
[17:41:58] [main/DEBUG] [FML/]: Attempting to load commandline specified mods, relative to C:\Users\Jerem\Desktop\Serveur Minecraft\plugins\.
[17:41:58] [main/INFO] [FML/]: Failed to find the specified repository root D:/Serveur Minecraft/plugins/libraries
[17:41:58] [main/DEBUG] [FML/]: Discovering coremods
[17:41:58] [main/DEBUG] [FML/]: Examining for coremod candidacy BetterPvP_1.14.4_Forge_1.12.jar
[17:41:58] [main/ERROR] [FML/]: Unable to read the jar file BetterPvP_1.14.4_Forge_1.12.jar - ignoring
java.util.zip.ZipException: error in opening zip file
	at java.util.zip.ZipFile.open(Native Method) ~[?:1.8.0_66]
	at java.util.zip.ZipFile.<init>(Unknown Source) ~[?:1.8.0_66]
	at java.util.zip.ZipFile.<init>(Unknown Source) ~[?:1.8.0_66]
	at java.util.jar.JarFile.<init>(Unknown Source) ~[?:1.8.0_66]
	at java.util.jar.JarFile.<init>(Unknown Source) ~[?:1.8.0_66]
	at net.minecraftforge.fml.relauncher.CoreModManager.discoverCoreMods(CoreModManager.java:356) [forge-1.12.2-14.23.1.2580-universal.jar:?]
	at net.minecraftforge.fml.relauncher.CoreModManager.handleLaunch(CoreModManager.java:254) [forge-1.12.2-14.23.1.2580-universal.jar:?]
	at net.minecraftforge.fml.relauncher.FMLLaunchHandler.setupHome(FMLLaunchHandler.java:100) [forge-1.12.2-14.23.1.2580-universal.jar:?]
	at net.minecraftforge.fml.relauncher.FMLLaunchHandler.setupServer(FMLLaunchHandler.java:81) [forge-1.12.2-14.23.1.2580-universal.jar:?]
	at net.minecraftforge.fml.relauncher.FMLLaunchHandler.configureForServerLaunch(FMLLaunchHandler.java:43) [forge-1.12.2-14.23.1.2580-universal.jar:?]
	at net.minecraftforge.fml.common.launcher.FMLServerTweaker.injectIntoClassLoader(FMLServerTweaker.java:62) [forge-1.12.2-14.23.1.2580-universal.jar:?]
	at net.minecraft.launchwrapper.Launch.launch(Launch.java:115) [launchwrapper-1.12.jar:?]
	at net.minecraft.launchwrapper.Launch.main(Launch.java:28) [launchwrapper-1.12.jar:?]
	at sun.reflect.NativeMethodAccessorImpl.invoke0(Native Method) ~[?:1.8.0_66]
	at sun.reflect.NativeMethodAccessorImpl.invoke(Unknown Source) ~[?:1.8.0_66]
	at sun.reflect.DelegatingMethodAccessorImpl.invoke(Unknown Source) ~[?:1.8.0_66]
	at java.lang.reflect.Method.invoke(Unknown Source) ~[?:1.8.0_66]
	at net.minecraftforge.fml.relauncher.ServerLaunchWrapper.run(ServerLaunchWrapper.java:62) [forge-1.12.2-14.23.1.2580-universal.jar:?]
	at net.minecraftforge.fml.relauncher.ServerLaunchWrapper.main(ServerLaunchWrapper.java:31) [forge-1.12.2-14.23.1.2580-universal.jar:?]
[17:41:58] [main/INFO] [LaunchWrapper/]: Loading tweak class name net.minecraftforge.fml.common.launcher.FMLInjectionAndSortingTweaker
[17:41:58] [main/INFO] [LaunchWrapper/]: Loading tweak class name net.minecraftforge.fml.common.launcher.FMLDeobfTweaker
[17:41:58] [main/INFO] [LaunchWrapper/]: Calling tweak class net.minecraftforge.fml.common.launcher.FMLInjectionAndSortingTweaker
[17:41:58] [main/INFO] [LaunchWrapper/]: Calling tweak class net.minecraftforge.fml.common.launcher.FMLInjectionAndSortingTweaker
[17:41:58] [main/INFO] [LaunchWrapper/]: Calling tweak class net.minecraftforge.fml.relauncher.CoreModManager$FMLPluginWrapper
[17:41:58] [main/DEBUG] [FML/]: Injecting coremod FMLCorePlugin \{net.minecraftforge.fml.relauncher.FMLCorePlugin\} class transformers
[17:41:58] [main/TRACE] [FML/]: Registering transformer net.minecraftforge.fml.common.asm.transformers.BlamingTransformer
[17:41:58] [main/TRACE] [FML/]: Registering transformer net.minecraftforge.fml.common.asm.transformers.SideTransformer
[17:41:58] [main/TRACE] [FML/]: Registering transformer net.minecraftforge.fml.common.asm.transformers.EventSubscriptionTransformer
[17:41:58] [main/TRACE] [FML/]: Registering transformer net.minecraftforge.fml.common.asm.transformers.EventSubscriberTransformer
[17:41:58] [main/DEBUG] [FML/]: Injection complete
[17:41:58] [main/DEBUG] [FML/]: Running coremod plugin for FMLCorePlugin \{net.minecraftforge.fml.relauncher.FMLCorePlugin\}
[17:41:58] [main/DEBUG] [FML/]: Running coremod plugin FMLCorePlugin
[17:41:59] [main/DEBUG] [FML/]: Injecting tracing printstreams for STDOUT/STDERR.
[17:41:59] [main/DEBUG] [FML/]: Read 1048 binary patches
[17:41:59] [main/DEBUG] [FML/]: Loading deobfuscation resource /deobfuscation_data-1.12.2.lzma with 36083 records
[17:42:00] [main/INFO] [FML/]: Found valid fingerprint for Minecraft Forge. Certificate fingerprint e3c3d50c7c986df74c645c0ac54639741c90a557
[17:42:00] [main/DEBUG] [FML/]: Coremod plugin class FMLCorePlugin run successfully
[17:42:00] [main/INFO] [LaunchWrapper/]: Calling tweak class net.minecraftforge.fml.relauncher.CoreModManager$FMLPluginWrapper
[17:42:00] [main/DEBUG] [FML/]: Injecting coremod FMLForgePlugin \{net.minecraftforge.classloading.FMLForgePlugin\} class transformers
[17:42:00] [main/DEBUG] [FML/]: Injection complete
[17:42:00] [main/DEBUG] [FML/]: Running coremod plugin for FMLForgePlugin \{net.minecraftforge.classloading.FMLForgePlugin\}
[17:42:00] [main/DEBUG] [FML/]: Running coremod plugin FMLForgePlugin
[17:42:00] [main/DEBUG] [FML/]: Coremod plugin class FMLForgePlugin run successfully
[17:42:00] [main/INFO] [LaunchWrapper/]: Calling tweak class net.minecraftforge.fml.common.launcher.FMLDeobfTweaker
[17:42:00] [main/DEBUG] [FML/]: Loaded 208 rules from AccessTransformer config file forge_at.cfg
[17:42:00] [main/DEBUG] [FML/]: Validating minecraft
[17:42:00] [main/DEBUG] [FML/]: Minecraft validated, launching...
[17:42:00] [main/INFO] [LaunchWrapper/]: Loading tweak class name net.minecraftforge.fml.common.launcher.TerminalTweaker
[17:42:00] [main/INFO] [LaunchWrapper/]: Calling tweak class net.minecraftforge.fml.common.launcher.TerminalTweaker
[17:42:00] [main/INFO] [LaunchWrapper/]: Launching wrapped minecraft {net.minecraft.server.MinecraftServer}
[17:42:03] [main/DEBUG] [FML/]: Creating vanilla freeze snapshot
[17:42:03] [main/DEBUG] [FML/]: Vanilla freeze snapshot created
